<?xml version="1.0" encoding="UTF-8"?>
<testsuite name="test.MoneyTransferTest" tests="1" skipped="0" failures="0" errors="0" timestamp="2022-02-04T13:21:58" hostname="MacBookrM1sAir2.Dlink" time="6.975">
  <properties/>
  <testcase name="shouldTransferMoneyFromSecondToFirstCard()" classname="test.MoneyTransferTest" time="6.975"/>
  <system-out><![CDATA[]]></system-out>
  <system-err><![CDATA[SLF4J: Failed to load class "org.slf4j.impl.StaticLoggerBinder".
SLF4J: Defaulting to no-operation (NOP) logger implementation
SLF4J: See http://www.slf4j.org/codes.html#StaticLoggerBinder for further details.
Starting ChromeDriver 97.0.4692.71 (adefa7837d02a07a604c1e6eff0b3a09422ab88d-refs/branch-heads/4692@{#1247}) on port 35581
Only local connections are allowed.
Please see https://chromedriver.chromium.org/security-considerations for suggestions on keeping ChromeDriver safe.
ChromeDriver was started successfully.
фев 04, 2022 4:22:01 PM org.openqa.selenium.remote.ProtocolHandshake createSession
INFO: Detected dialect: W3C
]]></system-err>
</testsuite>
